<?xml version="1.0" encoding="UTF-8"?>
<testsuite xmlns:xsi="http://www.w3.org/2001/XMLSchema-instance" xsi:noNamespaceSchemaLocation="https://maven.apache.org/surefire/maven-surefire-plugin/xsd/surefire-test-report.xsd" version="3.0.2" name="runners.TestRunner" time="40.691" tests="1" errors="0" skipped="0" failures="1">
  <properties>
[...]
</properties>
  <testcase name="Successful login validation" classname="Login" time="40.383">
    <failure message="expected:&lt;YouTube[1]&gt; but was:&lt;YouTube[]&gt;" type="org.junit.ComparisonFailure"><![CDATA[org.junit.ComparisonFailure: expected:<YouTube[1]> but was:<YouTube[]>
	at org.junit.Assert.assertEquals(Assert.java:117)
	at org.junit.Assert.assertEquals(Assert.java:146)
	at stepdefinitions.LoginSteps.user_is_on_login_page(LoginSteps.java:15)
	at ✽.user is on login page(file:///Users/soumyajitbhattacharjee/project/cucumber-java-bdd-framework/src/test/resources/features/login.feature:5)
]]></failure>
    <system-out><![CDATA[
@SCRUM-TC-322
Scenario: Successful login validation          # src/test/resources/features/login.feature:4
Starting scenario
User is on login page
YouTube
  Given user is on login page                  # stepdefinitions.LoginSteps.user_is_on_login_page()
      org.junit.ComparisonFailure: expected:<YouTube[1]> but was:<YouTube[]>
	at org.junit.Assert.assertEquals(Assert.java:117)
	at org.junit.Assert.assertEquals(Assert.java:146)
	at stepdefinitions.LoginSteps.user_is_on_login_page(LoginSteps.java:15)
	at ✽.user is on login page(file:///Users/soumyajitbhattacharjee/project/cucumber-java-bdd-framework/src/test/resources/features/login.feature:5)

  When user enters valid username and password # stepdefinitions.LoginSteps.user_enters_valid_username_and_password()
  Then user should be logged in successfully   # stepdefinitions.LoginSteps.user_logged_in_successfully()

    Embedding Failure-Screenshot [image/png 60819 bytes]

Screenshot taken and embedded in report: target/screenshots/Successful_login_validation_2026-05-07_12-47-25.png
Ending scenario
]]></system-out>
  </testcase>
</testsuite>